STAR version=2.7.11a
STAR compilation time,server,dir=2023-08-15T11:38:34-04:00 :/home/dobin/data/STAR/STARcode/STAR.master/source
STAR git: On branch master ; commit 826820cee5a48b1bc9cb862d57a843012eef989f ; diff files: 
##### Command Line:
/usr/local/bin/STAR --runThreadN 4 --runMode genomeGenerate --genomeDir /tmp/star_chr22_index --genomeFastaFiles /mnt/pikachu/test-datasets/reference/chr22_23800000-23980000.fa
##### Initial USER parameters from Command Line:
###### All USER parameters from Command Line:
runThreadN                    4     ~RE-DEFINED
runMode                       genomeGenerate        ~RE-DEFINED
genomeDir                     /tmp/star_chr22_index     ~RE-DEFINED
genomeFastaFiles              /mnt/pikachu/test-datasets/reference/chr22_23800000-23980000.fa        ~RE-DEFINED
##### Finished reading parameters from all sources

##### Final user re-defined parameters-----------------:
runMode                           genomeGenerate   
runThreadN                        4
genomeDir                         /tmp/star_chr22_index
genomeFastaFiles                  /mnt/pikachu/test-datasets/reference/chr22_23800000-23980000.fa   

-------------------------------
##### Final effective command line:
/usr/local/bin/STAR   --runMode genomeGenerate      --runThreadN 4   --genomeDir /tmp/star_chr22_index   --genomeFastaFiles /mnt/pikachu/test-datasets/reference/chr22_23800000-23980000.fa   
----------------------------------------

Number of fastq files for each mate = 1
ParametersSolo: --soloCellFilterType CellRanger2.2 filtering parameters:  3000 0.99 10
Finished loading and checking parameters
--genomeDir directory exists and will be overwritten: /tmp/star_chr22_index/
!!!!! WARNING: Could not move Log.out file from ./Log.out into /tmp/star_chr22_index/Log.out. Will keep ./Log.out

Dec 18 03:40:03 ... starting to generate Genome files
/mnt/pikachu/test-datasets/reference/chr22_23800000-23980000.fa : chr # 0  "chr22" chrStart: 0
Chromosome sequence lengths: 
chr22	180001
Genome sequence total length = 180001
Genome size with padding = 262144
!!!!! WARNING: --genomeSAindexNbases 14 is too large for the genome size=180001, which may cause seg-fault at the mapping step. Re-run genome generation with recommended --genomeSAindexNbases 7
Estimated genome size with padding and SJs: total=genome+SJ=201262144 = 262144 + 201000000
GstrandBit=32
Number of SA indices: 360002
Dec 18 03:40:03 ... starting to sort Suffix Array. This may take a long time...
Number of chunks: 4;   chunks size limit: 960000 bytes
Dec 18 03:40:03 ... sorting Suffix Array chunks and saving them to disk...
Writing 29112 bytes into /tmp/star_chr22_index//SA_3 ; empty space on disk = 637960712192 bytes ... done
Writing 957976 bytes into /tmp/star_chr22_index//SA_0 ; empty space on disk = 637960679424 bytes ... done
Writing 934416 bytes into /tmp/star_chr22_index//SA_2 ; empty space on disk = 637959720960 bytes ... done
Writing 958512 bytes into /tmp/star_chr22_index//SA_1 ; empty space on disk = 637958782976 bytes ... done
Dec 18 03:40:03 ... loading chunks from disk, packing SA...
Dec 18 03:40:03 ... finished generating suffix array
Dec 18 03:40:03 ... generating Suffix Array index
Dec 18 03:40:05 ... completed Suffix Array index
Dec 18 03:40:05 ... writing Genome to disk ...
Writing 262144 bytes into /tmp/star_chr22_index//Genome ; empty space on disk = 637960708096 bytes ... done
SA size in bytes: 1485012
Dec 18 03:40:05 ... writing Suffix Array to disk ...
Writing 1485012 bytes into /tmp/star_chr22_index//SA ; empty space on disk = 637960445952 bytes ... done
Dec 18 03:40:05 ... writing SAindex to disk
Writing 8 bytes into /tmp/star_chr22_index//SAindex ; empty space on disk = 637958959104 bytes ... done
Writing 120 bytes into /tmp/star_chr22_index//SAindex ; empty space on disk = 637958959104 bytes ... done
Writing 1565873491 bytes into /tmp/star_chr22_index//SAindex ; empty space on disk = 637958959104 bytes ... done
Dec 18 03:40:05 ..... finished successfully
DONE: Genome generation, EXITING
