	/mnt/pikachu/STAR-Flex/source/STAR --runThreadN 24 --outTmpDir /storage/production/tmp/SC2300772 --genomeDir /storage/flex-index-44 --soloType CB_UMI_Simple --soloCBlen 16 --soloUMIlen 12 --soloUMIstart 17 --soloCBstart 1 --soloBarcodeReadLength 0 --soloCBwhitelist /storage/scRNAseq_output/whitelists/737K-fixed-rna-profiling.txt --flex yes --soloFlexExpectedCellsPerTag 3000 --soloSampleWhitelist /storage/SC2300772_whitelist.tsv --soloSampleProbes /mnt/pikachu/JAX_scRNAseq01_processed/probe-barcodes-fixed-rna-profiling-rna.txt --soloSampleProbeOffset 68 --soloFlexOutputPrefix /storage/production/SC2300772/per_sample --limitIObufferSize 50000000 50000000 --outSJtype None --outBAMcompression 6 --soloMultiMappers Rescue --alignIntronMax 500000 --outFilterMismatchNmax 6 --outFilterMismatchNoverReadLmax 1.0 --outFilterMatchNmin 25 --outSAMunmapped None --outFilterMatchNminOverLread 0 --outFilterMultimapNmax 10000 --outFilterMultimapScoreRange 4 --outSAMmultNmax 10000 --winAnchorMultimapNmax 200 --outSAMprimaryFlag AllBestScore --outFilterScoreMin 0 --outFilterScoreMinOverLread 0 --outSAMattributes NH HI AS nM NM GX GN --soloCBmatchWLtype 1MM_multi_Nbase_pseudocounts --soloUMIfiltering MultiGeneUMI_CR --soloUMIdedup 1MM_CR --soloCellFilter None --clipAdapterType CellRanger4 --soloFeatures Gene --alignEndsType Local --soloStrand Unstranded --chimSegmentMin 1000000 --soloSampleSearchNearby no --outSAMtype BAM Unsorted --readFilesCommand zcat --readFilesIn /storage/JAX_sequences/SC2300772/SC2300772_GT24-00693_TTGGCGGCAC-AGTAACTTAC_S6_L002_R2_001.fastq.gz /storage/JAX_sequences/SC2300772/SC2300772_GT24-00693_TTGGCGGCAC-AGTAACTTAC_S6_L002_R1_001.fastq.gz --outFileNamePrefix /storage/production/SC2300772/
	STAR version: 2.7.11b   compiled: 2025-12-09T06:07:12+00:00 :/mnt/pikachu/STAR-Flex/source
Dec 09 06:11:53 ..... started STAR run
Dec 09 06:12:07 ..... loading genome
Dec 09 06:12:25 ..... started mapping
Dec 09 09:25:59 ..... finished mapping
Dec 09 09:26:00 ..... started Solo counting
Auto-derived sample whitelist:
  BC001: ACAGTCTG (462409 barcodes)
  BC002: AGTGAGTG (437214 barcodes)
DEBUG: Computing tag allocations: 899623 cells, 2 tags
DEBUG: Tag allocations computed (UMI-weighted)
[FlexFilter] Processing 2 tags with 1 tag threads
[FlexFilter] EmptyDrops MC: 32 threads per tag (total cores: 32)
[TIMING] tag=ACAGTCTG start
[TIMING] tag=ACAGTCTG stage=filterMatrixToTag delta_ms=526 total_ms=526
[EmptyDrops] Ambient profile: 15593 nonzero genes
[EmptyDrops] Using CR sampler (DropletUtils-style nested multinomial)
[EmptyDrops] CR sampler using full compact ambient (17851 genes, sum=1)
[TIMING] tag=ACAGTCTG stage=EmptyDrops delta_ms=15341 total_ms=15867
[TIMING] tag=ACAGTCTG stage=OccupancyPostFilter delta_ms=1 total_ms=15869
[TIMING] tag=AGTGAGTG start
[TIMING] tag=AGTGAGTG stage=filterMatrixToTag delta_ms=433 total_ms=433
[EmptyDrops] Ambient profile: 15241 nonzero genes
[EmptyDrops] Using CR sampler (DropletUtils-style nested multinomial)
[EmptyDrops] CR sampler using full compact ambient (17749 genes, sum=1)
[TIMING] tag=AGTGAGTG stage=EmptyDrops delta_ms=16382 total_ms=16816
[TIMING] tag=AGTGAGTG stage=OccupancyPostFilter delta_ms=1 total_ms=16817
[FlexFilter] All 2 tags processed
[FlexFilter] Running combined occupancy filter...
[FlexFilter] Combined ED passers: 11109
[FlexFilter] Combined occupancy lambda: 0.159392 (GEMs: 10594, empty: 59102)
[FlexFilter] Combined occupancy flagged 0 barcodes
[FlexFilter] Combined occupancy removed 0 cells total
FlexFilter completed successfully
  Processed 2 tags
Writing per-sample MEX outputs...

Summary (saved to /storage/production/SC2300772/per_sample/flexfilter_summary.tsv):
Sample            Expected   Retain  Simple_ED  Tail_Tested    ED_Pass    Occ_Rem    Final     Total_UMIs
BC001                 3560   120000          0         6262       5759          0     5759       49320447
BC002                 2440   120000          0         5879       5350          0     5350       35619300
TOTAL                 6000   240000          0        12141      11109          0    11109       84939747
Dec 09 09:31:47 ..... finished Solo counting
Dec 09 09:31:47 ..... finished successfully

=== Run complete ===
Output directory: /storage/production/SC2300772

Check logs:
  /storage/production/SC2300772/Log.out
  /storage/production/SC2300772/Log.final.out

Solo output:
  /storage/production/SC2300772/Solo.out/Gene/raw/

FlexFilter output (per-sample):
  /storage/production/SC2300772/per_sample/
